<?xml version="1.0" encoding="UTF-8"?>
<!-- Generated by org.testng.reporters.JUnitReportReporter -->
<testsuite hostname="Lenovo-PC" name="com.automationpractice.testcases.Womens" tests="2" failures="0" timestamp="11 Oct 2020 03:07:21 GMT" time="35.206" errors="0">
  <testcase name="additemtocartthroughquickview" time="6.956" classname="com.automationpractice.testcases.Womens"/>
  <testcase name="addtocartitemwithcartbutton" time="28.250" classname="com.automationpractice.testcases.Womens"/>
</testsuite> <!-- com.automationpractice.testcases.Womens -->
