<?xml version="1.0" encoding="UTF-8"?>
<!-- Generated by org.testng.reporters.JUnitReportReporter -->
<testsuite hostname="Lenovo-PC" name="com.automationpractice.testcases.ContactUs" tests="1" failures="0" timestamp="10 Oct 2020 03:02:39 GMT" time="4.836" errors="0">
  <testcase name="verifysentmessage" time="4.836" classname="com.automationpractice.testcases.ContactUs"/>
</testsuite> <!-- com.automationpractice.testcases.ContactUs -->
